<?xml version="1.0" encoding="UTF-8"?>
<!-- Generated by org.testng.reporters.JUnitXMLReporter -->
<testsuite hostname="5CG4503MCF" ignored="0" name="ApplicationPageTest" tests="2" failures="2" timestamp="10 Jan 2019 09:15:20 GMT" time="12.01" errors="0">
  <testcase name="VerifyApplicationPage" time="10.002" classname="com.ericsson.edos.rulesengine.testcases.applicationTest">
    <failure type="java.lang.NullPointerException">
      <![CDATA[java.lang.NullPointerException
	at com.ericsson.edos.rulesengine.pages.EdosApplicationPage.VisibleOfHomePage(EdosApplicationPage.java:41)
	at com.ericsson.edos.rulesengine.testcases.applicationTest.VerifyApplicationPage(applicationTest.java:46)
... Removed 25 stack frames]]>
    </failure>
  </testcase> <!-- VerifyApplicationPage -->
  <testcase name="VerifyEdosDpLogo" time="2.001" classname="com.ericsson.edos.rulesengine.testcases.applicationTest">
    <failure type="java.lang.NullPointerException">
      <![CDATA[java.lang.NullPointerException
	at org.openqa.selenium.support.pagefactory.DefaultElementLocator.findElement(DefaultElementLocator.java:69)
	at org.openqa.selenium.support.pagefactory.internal.LocatingElementHandler.invoke(LocatingElementHandler.java:38)
	at com.sun.proxy.$Proxy10.getText(Unknown Source)
	at com.ericsson.edos.rulesengine.pages.EdosApplicationPage.VisibleOfEDOSDPtitle(EdosApplicationPage.java:48)
	at com.ericsson.edos.rulesengine.testcases.applicationTest.VerifyEdosDpLogo(applicationTest.java:56)
... Removed 25 stack frames]]>
    </failure>
  </testcase> <!-- VerifyEdosDpLogo -->
</testsuite> <!-- ApplicationPageTest -->
