<?xml version="1.0" encoding="UTF-8"?>
<!-- Generated by org.testng.reporters.JUnitXMLReporter -->
<testsuite hostname="5CG4503MCF" ignored="0" name="LoginPageTest" tests="7" failures="7" timestamp="10 Jan 2019 09:15:08 GMT" time="3.652" errors="0">
  <testcase name="EdosLogo1Test" time="0.005" classname="com.ericsson.edos.rulesengine.testcases.LoginPageTest">
    <failure type="java.lang.NullPointerException">
      <![CDATA[java.lang.NullPointerException
	at org.openqa.selenium.support.pagefactory.DefaultElementLocator.findElement(DefaultElementLocator.java:69)
	at org.openqa.selenium.support.pagefactory.internal.LocatingElementHandler.invoke(LocatingElementHandler.java:38)
	at com.sun.proxy.$Proxy10.isDisplayed(Unknown Source)
	at com.ericsson.edos.rulesengine.pages.Edosloginpage.ValidateEDOSLOGO1(Edosloginpage.java:49)
	at com.ericsson.edos.rulesengine.testcases.LoginPageTest.EdosLogo1Test(LoginPageTest.java:41)
... Removed 25 stack frames]]>
    </failure>
  </testcase> <!-- EdosLogo1Test -->
  <testcase name="EdosLogo2Test" time="0.002" classname="com.ericsson.edos.rulesengine.testcases.LoginPageTest">
    <failure type="java.lang.NullPointerException">
      <![CDATA[java.lang.NullPointerException
	at org.openqa.selenium.support.pagefactory.DefaultElementLocator.findElement(DefaultElementLocator.java:69)
	at org.openqa.selenium.support.pagefactory.internal.LocatingElementHandler.invoke(LocatingElementHandler.java:38)
	at com.sun.proxy.$Proxy10.isDisplayed(Unknown Source)
	at com.ericsson.edos.rulesengine.pages.Edosloginpage.ValidateEDOSLOGO2(Edosloginpage.java:55)
	at com.ericsson.edos.rulesengine.testcases.LoginPageTest.EdosLogo2Test(LoginPageTest.java:49)
... Removed 25 stack frames]]>
    </failure>
  </testcase> <!-- EdosLogo2Test -->
  <testcase name="EdosLogoText1Test" time="0.0" classname="com.ericsson.edos.rulesengine.testcases.LoginPageTest">
    <failure type="java.lang.NullPointerException">
      <![CDATA[java.lang.NullPointerException
	at org.openqa.selenium.support.pagefactory.DefaultElementLocator.findElement(DefaultElementLocator.java:69)
	at org.openqa.selenium.support.pagefactory.internal.LocatingElementHandler.invoke(LocatingElementHandler.java:38)
	at com.sun.proxy.$Proxy10.getText(Unknown Source)
	at com.ericsson.edos.rulesengine.pages.Edosloginpage.GetEDOSLOGO1(Edosloginpage.java:61)
	at com.ericsson.edos.rulesengine.testcases.LoginPageTest.EdosLogoText1Test(LoginPageTest.java:58)
... Removed 25 stack frames]]>
    </failure>
  </testcase> <!-- EdosLogoText1Test -->
  <testcase name="EdosLogoText2Test" time="0.001" classname="com.ericsson.edos.rulesengine.testcases.LoginPageTest">
    <failure type="java.lang.NullPointerException">
      <![CDATA[java.lang.NullPointerException
	at org.openqa.selenium.support.pagefactory.DefaultElementLocator.findElement(DefaultElementLocator.java:69)
	at org.openqa.selenium.support.pagefactory.internal.LocatingElementHandler.invoke(LocatingElementHandler.java:38)
	at com.sun.proxy.$Proxy10.getText(Unknown Source)
	at com.ericsson.edos.rulesengine.pages.Edosloginpage.GetEDOSLOGO2(Edosloginpage.java:67)
	at com.ericsson.edos.rulesengine.testcases.LoginPageTest.EdosLogoText2Test(LoginPageTest.java:67)
... Removed 25 stack frames]]>
    </failure>
  </testcase> <!-- EdosLogoText2Test -->
  <testcase name="SetusernameTest" time="0.566" classname="com.ericsson.edos.rulesengine.testcases.LoginPageTest">
    <failure type="java.lang.NullPointerException">
      <![CDATA[java.lang.NullPointerException
	at org.openqa.selenium.support.pagefactory.DefaultElementLocator.findElement(DefaultElementLocator.java:69)
	at org.openqa.selenium.support.pagefactory.internal.LocatingElementHandler.invoke(LocatingElementHandler.java:38)
	at com.sun.proxy.$Proxy10.sendKeys(Unknown Source)
	at com.ericsson.edos.rulesengine.pages.Edosloginpage.SetUserName(Edosloginpage.java:74)
	at com.ericsson.edos.rulesengine.testcases.LoginPageTest.SetusernameTest(LoginPageTest.java:76)
... Removed 25 stack frames]]>
    </failure>
  </testcase> <!-- SetusernameTest -->
  <testcase name="SetUserPasswordTest" time="0.047" classname="com.ericsson.edos.rulesengine.testcases.LoginPageTest">
    <failure type="java.lang.NullPointerException">
      <![CDATA[java.lang.NullPointerException
	at org.openqa.selenium.support.pagefactory.DefaultElementLocator.findElement(DefaultElementLocator.java:69)
	at org.openqa.selenium.support.pagefactory.internal.LocatingElementHandler.invoke(LocatingElementHandler.java:38)
	at com.sun.proxy.$Proxy10.sendKeys(Unknown Source)
	at com.ericsson.edos.rulesengine.pages.Edosloginpage.SetPassword(Edosloginpage.java:83)
	at com.ericsson.edos.rulesengine.testcases.LoginPageTest.SetUserPasswordTest(LoginPageTest.java:83)
... Removed 25 stack frames]]>
    </failure>
  </testcase> <!-- SetUserPasswordTest -->
  <testcase name="ClickEnterButtonTest" time="0.001" classname="com.ericsson.edos.rulesengine.testcases.LoginPageTest">
    <failure type="java.lang.NullPointerException">
      <![CDATA[java.lang.NullPointerException
	at org.openqa.selenium.support.pagefactory.DefaultElementLocator.findElement(DefaultElementLocator.java:69)
	at org.openqa.selenium.support.pagefactory.internal.LocatingElementHandler.invoke(LocatingElementHandler.java:38)
	at com.sun.proxy.$Proxy10.click(Unknown Source)
	at com.ericsson.edos.rulesengine.pages.Edosloginpage.ClickLogin(Edosloginpage.java:89)
	at com.ericsson.edos.rulesengine.testcases.LoginPageTest.ClickEnterButtonTest(LoginPageTest.java:90)
... Removed 25 stack frames]]>
    </failure>
  </testcase> <!-- ClickEnterButtonTest -->
</testsuite> <!-- LoginPageTest -->
