<?xml version="1.0" encoding="UTF-8"?>
<!-- Generated by org.testng.reporters.JUnitXMLReporter -->
<testsuite hostname="5CD7432DCS" ignored="0" name="ApplicationPageTest" tests="3" failures="0" timestamp="03 Sep 2018 05:51:02 GMT" time="32.391" errors="0">
  <testcase name="verifyApplicationPage" time="10.013" classname="com.soc.testcases.applicationTest"/>
  <testcase name="verifyEdosDpLogo" time="2.11" classname="com.soc.testcases.applicationTest"/>
  <testcase name="ClickRulesEngineTest" time="6.008" classname="com.soc.testcases.applicationTest"/>
</testsuite> <!-- ApplicationPageTest -->
