<?xml version="1.0" encoding="UTF-8"?>
<!-- Generated by org.testng.reporters.JUnitXMLReporter -->
<testsuite hostname="5CD7432DCS" ignored="0" name="LoginPageTest" tests="7" failures="0" timestamp="03 Sep 2018 05:50:30 GMT" time="23.503" errors="0">
  <testcase name="EdosLogo1Test" time="0.084" classname="com.soc.testcases.LoginPageTest"/>
  <testcase name="EdosLogo2Test" time="2.061" classname="com.soc.testcases.LoginPageTest"/>
  <testcase name="EdosLogoText1Test" time="2.05" classname="com.soc.testcases.LoginPageTest"/>
  <testcase name="EdosLogoText2Test" time="2.037" classname="com.soc.testcases.LoginPageTest"/>
  <testcase name="setusername" time="0.783" classname="com.soc.testcases.LoginPageTest"/>
  <testcase name="setuserPassword" time="0.124" classname="com.soc.testcases.LoginPageTest"/>
  <testcase name="clickEnterButton" time="0.077" classname="com.soc.testcases.LoginPageTest"/>
</testsuite> <!-- LoginPageTest -->
