<?xml version="1.0" encoding="UTF-8"?>
<!-- Generated by org.testng.reporters.JUnitXMLReporter -->
<testsuite ignored="0" hostname="R90FDWLP" failures="0" tests="7" name=" Soc Test cases2" time="25.905" errors="0" timestamp="31 Aug 2018 09:19:40 GMT">
  <testcase classname="com.soc.testcases.LoginPageTest" name="EdosLogo1Test" time="0.092"/>
  <testcase classname="com.soc.testcases.LoginPageTest" name="EdosLogo2Test" time="2.048"/>
  <testcase classname="com.soc.testcases.LoginPageTest" name="EdosLogoText1Test" time="2.038"/>
  <testcase classname="com.soc.testcases.LoginPageTest" name="EdosLogoText2Test" time="2.033"/>
  <testcase classname="com.soc.testcases.LoginPageTest" name="setusername" time="0.718"/>
  <testcase classname="com.soc.testcases.LoginPageTest" name="setuserPassword" time="0.115"/>
  <testcase classname="com.soc.testcases.LoginPageTest" name="clickEnterButton" time="0.074"/>
</testsuite> <!--  Soc Test cases2 -->
