<?xml version="1.0" encoding="UTF-8"?>
<!-- Generated by org.testng.reporters.JUnitXMLReporter -->
<testsuite hostname="5CG4503MCF" ignored="5" name=" Soc Test cases" tests="2" failures="1" timestamp="10 Aug 2018 07:08:42 GMT" time="51.536" errors="0">
  <testcase name="VerifyBulkEditionButton" time="8.837" classname="com.soc.testcases.CustomDashboardTest">
    <failure type="java.lang.AssertionError" message="bulk_editionbuttontext Text  is not matching expected [Bulk Editifdfon] but found [Bulk Edition]">
      <![CDATA[java.lang.AssertionError: bulk_editionbuttontext Text  is not matching expected [Bulk Editifdfon] but found [Bulk Edition]
	at com.soc.testcases.CustomDashboardTest.VerifyBulkEditionButton(CustomDashboardTest.java:84)
... Removed 30 stack frames]]>
    </failure>
  </testcase> <!-- VerifyBulkEditionButton -->
  <testcase name="VerifyBulkEdition2Button" time="11.071" classname="com.soc.testcases.CustomDashboardTest"/>
  <testcase name="VerifyTabButton" time="0.0" classname="com.soc.testcases.CustomDashboardTest">
    <ignored/>
  </testcase> <!-- VerifyTabButton -->
  <testcase name="VerifyThresholdButton" time="0.0" classname="com.soc.testcases.CustomDashboardTest">
    <ignored/>
  </testcase> <!-- VerifyThresholdButton -->
  <testcase name="AddChartButtonText" time="0.0" classname="com.soc.testcases.CustomDashboardTest">
    <ignored/>
  </testcase> <!-- AddChartButtonText -->
  <testcase name="CustomDashboardTitleTest" time="0.0" classname="com.soc.testcases.CustomDashboardTest">
    <ignored/>
  </testcase> <!-- CustomDashboardTitleTest -->
  <testcase name="VerifyCustomDashboardDropdownValues" time="0.0" classname="com.soc.testcases.CustomDashboardTest">
    <ignored/>
  </testcase> <!-- VerifyCustomDashboardDropdownValues -->
</testsuite> <!--  Soc Test cases -->
