<?xml version="1.0" encoding="UTF-8"?>
<!-- Generated by org.testng.reporters.JUnitXMLReporter -->
<testsuite ignored="0" hostname="R90FDWLP" failures="0" tests="6" name=" Soc Test cases1" time="15.585" errors="0" timestamp="31 Aug 2018 09:19:14 GMT">
  <testcase classname="com.soc.testcases.LandingpageTest" name="LandingPageTitleTest" time="0.019"/>
  <testcase classname="com.soc.testcases.LandingpageTest" name="legalnoticelogoTest" time="0.459"/>
  <testcase classname="com.soc.testcases.LandingpageTest" name="licensecontentlogoTest" time="0.047"/>
  <testcase classname="com.soc.testcases.LandingpageTest" name="legalnoticelogoText1Test" time="0.051"/>
  <testcase classname="com.soc.testcases.LandingpageTest" name="licensecontentlogoText2Test" time="0.048"/>
  <testcase classname="com.soc.testcases.LandingpageTest" name="proceedbuttonTest" time="3.89"/>
</testsuite> <!--  Soc Test cases1 -->
