<?xml version="1.0" encoding="UTF-8"?>
<!-- Generated by org.testng.reporters.JUnitXMLReporter -->
<testsuite ignored="2" hostname="R90FDWLP" failures="0" tests="3" name=" LandingPageTest" time="9.225" errors="0" timestamp="11 Jul 2019 11:49:55 GMT">
  <testcase classname="com.ericsson.edos.dopuatautomation.testcases.LandingpageTest" name="LandingPageTitleTest" time="2.038"/>
  <testcase classname="com.ericsson.edos.dopuatautomation.testcases.LandingpageTest" name="LegalNoticeLogoTest" time="2.047"/>
  <testcase classname="com.ericsson.edos.dopuatautomation.testcases.LandingpageTest" name="ProceedButtonTest" time="5.083"/>
  <testcase classname="com.ericsson.edos.dopuatautomation.testcases.LandingpageTest" name="LicenseContentLogoTextTest" time="0.0">
    <ignored/>
  </testcase> <!-- LicenseContentLogoTextTest -->
  <testcase classname="com.ericsson.edos.dopuatautomation.testcases.LandingpageTest" name="LegalNoticeLogoTextTest" time="0.0">
    <ignored/>
  </testcase> <!-- LegalNoticeLogoTextTest -->
</testsuite> <!--  LandingPageTest -->
