<?xml version="1.0" encoding="UTF-8"?>
<!-- Generated by org.testng.reporters.JUnitXMLReporter -->
<testsuite hostname="IN-00212952" ignored="3" name="ApplicationPageTest" tests="3" failures="0" timestamp="06 Sep 2019 07:34:51 GMT" time="45.295" errors="0">
  <testcase name="VerifyApplicationPage" time="25.022" classname="com.ericsson.NDOrnd.dopuatautomation.testcases.MainPortal_ApplicationTest"/>
  <testcase name="VerifyEdosDpLogo" time="2.073" classname="com.ericsson.NDOrnd.dopuatautomation.testcases.MainPortal_ApplicationTest"/>
  <testcase name="VerifyTIVLink" time="18.114" classname="com.ericsson.NDOrnd.dopuatautomation.testcases.MainPortal_ApplicationTest"/>
  <testcase name="VerifyCMPMDashboard" time="0.0" classname="com.ericsson.NDOrnd.dopuatautomation.testcases.MainPortal_ApplicationTest">
    <ignored/>
  </testcase> <!-- VerifyCMPMDashboard -->
  <testcase name="RasterClick" time="0.0" classname="com.ericsson.NDOrnd.dopuatautomation.testcases.MainPortal_ApplicationTest">
    <ignored/>
  </testcase> <!-- RasterClick -->
  <testcase name="VerifyCTALink" time="0.0" classname="com.ericsson.NDOrnd.dopuatautomation.testcases.MainPortal_ApplicationTest">
    <ignored/>
  </testcase> <!-- VerifyCTALink -->
</testsuite> <!-- ApplicationPageTest -->
