<?xml version="1.0" encoding="UTF-8"?>
<!-- Generated by org.testng.reporters.JUnitXMLReporter -->
<testsuite ignored="3" hostname="R90FDWLP" failures="0" tests="3" name="ApplicationPageTest" time="42.288" errors="0" timestamp="11 Jul 2019 11:50:54 GMT">
  <testcase classname="com.ericsson.edos.dopuatautomation.testcases.applicationTest" name="VerifyApplicationPage" time="25.019"/>
  <testcase classname="com.ericsson.edos.dopuatautomation.testcases.applicationTest" name="VerifyEdosDpLogo" time="2.035"/>
  <testcase classname="com.ericsson.edos.dopuatautomation.testcases.applicationTest" name="VerifyCMPMDashboard" time="15.102"/>
  <testcase classname="com.ericsson.edos.dopuatautomation.testcases.applicationTest" name="VerifyTIVLink" time="0.0">
    <ignored/>
  </testcase> <!-- VerifyTIVLink -->
  <testcase classname="com.ericsson.edos.dopuatautomation.testcases.applicationTest" name="VerifyCTALink" time="0.0">
    <ignored/>
  </testcase> <!-- VerifyCTALink -->
  <testcase classname="com.ericsson.edos.dopuatautomation.testcases.applicationTest" name="RasterClick" time="0.0">
    <ignored/>
  </testcase> <!-- RasterClick -->
</testsuite> <!-- ApplicationPageTest -->
