<?xml version="1.0" encoding="UTF-8"?>
<!-- Generated by org.testng.reporters.JUnitXMLReporter -->
<testsuite hostname="R90FDWLP" ignored="0" name="BouyguesPageTest" tests="24" failures="0" timestamp="29 Mar 2019 09:23:27 GMT" time="1441.807" errors="0">
  <testcase name="VerifyAllTitleTest" time="63.284" classname="com.ericsson.edos.dopuatautomation.testcases.BouyguesTest"/>
  <testcase name="VerifyenodeBUtranCellTest" time="64.736" classname="com.ericsson.edos.dopuatautomation.testcases.BouyguesTest"/>
  <testcase name="ValidateSearchingForCell" time="52.435" classname="com.ericsson.edos.dopuatautomation.testcases.BouyguesTest"/>
  <testcase name="ValidateSearchforSpecificPmCounter" time="35.953" classname="com.ericsson.edos.dopuatautomation.testcases.BouyguesTest"/>
  <testcase name="ValidateOnAddingPredefinedKPI" time="12.706" classname="com.ericsson.edos.dopuatautomation.testcases.BouyguesTest"/>
  <testcase name="ValidateOnCustomKPI" time="33.165" classname="com.ericsson.edos.dopuatautomation.testcases.BouyguesTest"/>
  <testcase name="VerifyCounterAddedQBReportinTable" time="52.088" classname="com.ericsson.edos.dopuatautomation.testcases.BouyguesTest"/>
  <testcase name="VerifyQBReportinTable" time="82.032" classname="com.ericsson.edos.dopuatautomation.testcases.BouyguesTest"/>
  <testcase name="VerifyExportToExcel" time="11.235" classname="com.ericsson.edos.dopuatautomation.testcases.BouyguesTest"/>
  <testcase name="VerifyExportToCSV" time="17.627" classname="com.ericsson.edos.dopuatautomation.testcases.BouyguesTest"/>
  <testcase name="VerifyExportToTemplate" time="15.272" classname="com.ericsson.edos.dopuatautomation.testcases.BouyguesTest"/>
  <testcase name="VerifyQBCharting" time="36.928" classname="com.ericsson.edos.dopuatautomation.testcases.BouyguesTest"/>
  <testcase name="VerifyPreCannedReport" time="40.738" classname="com.ericsson.edos.dopuatautomation.testcases.BouyguesTest"/>
  <testcase name="VerifyPreCannedReportByCell" time="80.501" classname="com.ericsson.edos.dopuatautomation.testcases.BouyguesTest"/>
  <testcase name="VerifyEprefKPIChart" time="102.134" classname="com.ericsson.edos.dopuatautomation.testcases.BouyguesTest"/>
  <testcase name="VerifyEprefNEChart" time="17.549" classname="com.ericsson.edos.dopuatautomation.testcases.BouyguesTest"/>
  <testcase name="VerifyEprefTimeChart" time="25.239" classname="com.ericsson.edos.dopuatautomation.testcases.BouyguesTest"/>
  <testcase name="VerifyIsolationReport" time="69.777" classname="com.ericsson.edos.dopuatautomation.testcases.BouyguesTest"/>
  <testcase name="VerifyRCAReport" time="60.765" classname="com.ericsson.edos.dopuatautomation.testcases.BouyguesTest"/>
  <testcase name="VerifyFingerRCAReport" time="37.988" classname="com.ericsson.edos.dopuatautomation.testcases.BouyguesTest"/>
  <testcase name="VerifyTriageReport" time="93.788" classname="com.ericsson.edos.dopuatautomation.testcases.BouyguesTest"/>
  <testcase name="VerifyDeltaAuditofSites" time="264.066" classname="com.ericsson.edos.dopuatautomation.testcases.BouyguesTest"/>
  <testcase name="VerifyDeltaAuditForUnderlinedValues" time="77.481" classname="com.ericsson.edos.dopuatautomation.testcases.BouyguesTest"/>
  <testcase name="DynamicGraphicalReport" time="93.866" classname="com.ericsson.edos.dopuatautomation.testcases.BouyguesTest"/>
</testsuite> <!-- BouyguesPageTest -->
