<?xml version="1.0" encoding="UTF-8"?>
<!-- Generated by org.testng.reporters.JUnitXMLReporter -->
<testsuite ignored="0" hostname="R90FDWLP" failures="0" tests="8" name="CalendarPage" time="185.432" errors="0" timestamp="06 Nov 2018 11:24:13 GMT">
  <testcase classname="com.ericsson.edos.rulesengine.testcases.CalendarTest" name="CalendarTabFor3GTest" time="43.962"/>
  <testcase classname="com.ericsson.edos.rulesengine.testcases.CalendarTest" name="validateRuleNametextfor3GTest" time="12.759"/>
  <testcase classname="com.ericsson.edos.rulesengine.testcases.CalendarTest" name="CalendarTabFor4GTest" time="46.321"/>
  <testcase classname="com.ericsson.edos.rulesengine.testcases.CalendarTest" name="validateRuleNametextFor4GTest" time="14.963"/>
  <testcase classname="com.ericsson.edos.rulesengine.testcases.CalendarTest" name="CalendarTabFor3G_App_Test" time="29.344"/>
  <testcase classname="com.ericsson.edos.rulesengine.testcases.CalendarTest" name="validateRuleNametextfor3G_App_Test" time="2.235"/>
  <testcase classname="com.ericsson.edos.rulesengine.testcases.CalendarTest" name="CalendarTabFor4G_App_Test" time="31.443"/>
  <testcase classname="com.ericsson.edos.rulesengine.testcases.CalendarTest" name="validateRuleNametextfor4G_App_Test" time="4.323"/>
</testsuite> <!-- CalendarPage -->
