<?xml version="1.0" encoding="UTF-8"?>
<!-- Generated by org.testng.reporters.JUnitXMLReporter -->
<testsuite ignored="0" hostname="R90FDWLP" failures="0" tests="18" name="DeletePage" time="232.608" errors="0" timestamp="06 Nov 2018 11:28:05 GMT">
  <testcase classname="com.ericsson.edos.rulesengine.testcases.DeleteTest" name="Delete3GRulesManagementTest" time="19.277"/>
  <testcase classname="com.ericsson.edos.rulesengine.testcases.DeleteTest" name="Delete4GRulesManagementTest" time="17.141"/>
  <testcase classname="com.ericsson.edos.rulesengine.testcases.DeleteTest" name="Delete3GApp_RulesManagementTest" time="14.966"/>
  <testcase classname="com.ericsson.edos.rulesengine.testcases.DeleteTest" name="Delete4G_App_RulesManagementTest" time="12.869"/>
  <testcase classname="com.ericsson.edos.rulesengine.testcases.DeleteTest" name="Delete3GTemplateManagementTest" time="13.042"/>
  <testcase classname="com.ericsson.edos.rulesengine.testcases.DeleteTest" name="Delete4GTemplateManagementTest" time="9.813"/>
  <testcase classname="com.ericsson.edos.rulesengine.testcases.DeleteTest" name="Delete_AppCoverage_TemplateManagementTest" time="8.857"/>
  <testcase classname="com.ericsson.edos.rulesengine.testcases.DeleteTest" name="DeleteMailManagementListUsers" time="12.957"/>
  <testcase classname="com.ericsson.edos.rulesengine.testcases.DeleteTest" name="DeleteMailManagementEmailUser" time="35.637"/>
  <testcase classname="com.ericsson.edos.rulesengine.testcases.DeleteTest" name="Delete3GSchedulerTemplateTest" time="9.813"/>
  <testcase classname="com.ericsson.edos.rulesengine.testcases.DeleteTest" name="Delete4GSchedulerTemplateTest" time="9.612"/>
  <testcase classname="com.ericsson.edos.rulesengine.testcases.DeleteTest" name="Delete3G_App_SchedulerTemplateTest" time="9.517"/>
  <testcase classname="com.ericsson.edos.rulesengine.testcases.DeleteTest" name="Delete4G_App_SchedulerTemplateTest" time="9.555"/>
  <testcase classname="com.ericsson.edos.rulesengine.testcases.DeleteTest" name="Delete3GCalendarRuleTest" time="11.75"/>
  <testcase classname="com.ericsson.edos.rulesengine.testcases.DeleteTest" name="Delete4GCalendarRuleTest" time="11.61"/>
  <testcase classname="com.ericsson.edos.rulesengine.testcases.DeleteTest" name="Delete3G_App_CalendarRuleTest" time="11.505"/>
  <testcase classname="com.ericsson.edos.rulesengine.testcases.DeleteTest" name="Delete4G_App_CalendarRuleTest" time="11.589"/>
  <testcase classname="com.ericsson.edos.rulesengine.testcases.DeleteTest" name="ValidateSuccessfulLogout" time="2.905"/>
</testsuite> <!-- DeletePage -->
