<?xml version="1.0" encoding="UTF-8"?>
<!-- Generated by org.testng.reporters.JUnitXMLReporter -->
<testsuite hostname="IN-00212952" ignored="2" name=" LandingPageTest" tests="3" failures="0" timestamp="27 Sep 2019 07:34:19 GMT" time="0.039" errors="0">
  <testcase name="LandingPageTitleTest" time="0.0" classname="com.ericsson.NDOrnd.dopuatautomation.testcases.MainPortal_LandingpageTest">
    <skipped/>
  </testcase> <!-- LandingPageTitleTest -->
  <testcase name="LegalNoticeLogoTest" time="0.0" classname="com.ericsson.NDOrnd.dopuatautomation.testcases.MainPortal_LandingpageTest">
    <skipped/>
  </testcase> <!-- LegalNoticeLogoTest -->
  <testcase name="ProceedButtonTest" time="0.0" classname="com.ericsson.NDOrnd.dopuatautomation.testcases.MainPortal_LandingpageTest">
    <skipped/>
  </testcase> <!-- ProceedButtonTest -->
  <testcase name="LicenseContentLogoTextTest" time="0.0" classname="com.ericsson.NDOrnd.dopuatautomation.testcases.MainPortal_LandingpageTest">
    <ignored/>
  </testcase> <!-- LicenseContentLogoTextTest -->
  <testcase name="LegalNoticeLogoTextTest" time="0.0" classname="com.ericsson.NDOrnd.dopuatautomation.testcases.MainPortal_LandingpageTest">
    <ignored/>
  </testcase> <!-- LegalNoticeLogoTextTest -->
</testsuite> <!--  LandingPageTest -->
