<?xml version="1.0" encoding="UTF-8"?>
<!-- Generated by org.testng.reporters.JUnitXMLReporter -->
<testsuite hostname="5CG4503MCF" ignored="0" name="LoginPageTest" tests="7" failures="0" timestamp="10 Jan 2019 12:10:22 GMT" time="18.093" errors="0">
  <testcase name="EdosLogo1Test" time="2.036" classname="com.ericsson.edos.dopuatautomation.testcases.LoginPageTest"/>
  <testcase name="EdosLogo2Test" time="2.04" classname="com.ericsson.edos.dopuatautomation.testcases.LoginPageTest"/>
  <testcase name="EdosLogoText1Test" time="2.042" classname="com.ericsson.edos.dopuatautomation.testcases.LoginPageTest"/>
  <testcase name="EdosLogoText2Test" time="2.044" classname="com.ericsson.edos.dopuatautomation.testcases.LoginPageTest"/>
  <testcase name="SetusernameTest" time="2.742" classname="com.ericsson.edos.dopuatautomation.testcases.LoginPageTest"/>
  <testcase name="SetUserPasswordTest" time="2.091" classname="com.ericsson.edos.dopuatautomation.testcases.LoginPageTest"/>
  <testcase name="ClickEnterButtonTest" time="2.087" classname="com.ericsson.edos.dopuatautomation.testcases.LoginPageTest"/>
</testsuite> <!-- LoginPageTest -->
