<?xml version="1.0" encoding="UTF-8"?>
<!-- Generated by org.testng.reporters.JUnitXMLReporter -->
<testsuite hostname="5CG4503MCF" ignored="0" name="LoginPageTest" tests="4" failures="0" timestamp="18 Sep 2019 07:43:34 GMT" time="12.17" errors="0">
  <testcase name="LogoText1Test" time="2.035" classname="com.ericsson.NDOrnd.dopuatautomation.testcases.MainPortal_LoginPageTest"/>
  <testcase name="SetusernameTest" time="2.886" classname="com.ericsson.NDOrnd.dopuatautomation.testcases.MainPortal_LoginPageTest"/>
  <testcase name="SetUserPasswordTest" time="2.12" classname="com.ericsson.NDOrnd.dopuatautomation.testcases.MainPortal_LoginPageTest"/>
  <testcase name="ClickEnterButtonTest" time="2.118" classname="com.ericsson.NDOrnd.dopuatautomation.testcases.MainPortal_LoginPageTest"/>
</testsuite> <!-- LoginPageTest -->
