<?xml version="1.0" encoding="UTF-8"?>
<!-- Generated by org.testng.reporters.JUnitXMLReporter -->
<testsuite ignored="0" hostname="R90FDWLP" failures="0" tests="9" name="SchedulerPage" time="260.56" errors="0" timestamp="06 Nov 2018 11:21:07 GMT">
  <testcase classname="com.ericsson.edos.rulesengine.testcases.SchedulerTest" name="SchedulerTab3GTest" time="62.579"/>
  <testcase classname="com.ericsson.edos.rulesengine.testcases.SchedulerTest" name="ValidateInsertedRulefor3GTest" time="1.177"/>
  <testcase classname="com.ericsson.edos.rulesengine.testcases.SchedulerTest" name="SchedulerTab4GTest" time="62.093"/>
  <testcase classname="com.ericsson.edos.rulesengine.testcases.SchedulerTest" name="ValidateInsertedRulefor4GTest" time="2.271"/>
  <testcase classname="com.ericsson.edos.rulesengine.testcases.SchedulerTest" name="SchedulerTab3GAppTest" time="62.181"/>
  <testcase classname="com.ericsson.edos.rulesengine.testcases.SchedulerTest" name="SchedulerTab4GAppTest" time="62.242"/>
  <testcase classname="com.ericsson.edos.rulesengine.testcases.SchedulerTest" name="ValidateInsertedRulefor3G_AppCoverage_Test" time="3.358"/>
  <testcase classname="com.ericsson.edos.rulesengine.testcases.SchedulerTest" name="ValidateInsertedRulefor4G_AppCoverage_Test" time="4.39"/>
  <testcase classname="com.ericsson.edos.rulesengine.testcases.SchedulerTest" name="MoveToNextPage" time="0.253"/>
</testsuite> <!-- SchedulerPage -->
