<?xml version="1.0" encoding="UTF-8"?>
<!-- Generated by org.testng.reporters.JUnitXMLReporter -->
<testsuite ignored="0" hostname="R90FDWLP" failures="0" tests="7" name="TemplateManagementTest" time="66.577" errors="0" timestamp="06 Nov 2018 11:15:47 GMT">
  <testcase classname="com.ericsson.edos.rulesengine.testcases.TemplateManagementTest" name="TemplateManagement3GTest" time="17.9"/>
  <testcase classname="com.ericsson.edos.rulesengine.testcases.TemplateManagementTest" name="Validate3GTemplateManagementTest" time="4.266"/>
  <testcase classname="com.ericsson.edos.rulesengine.testcases.TemplateManagementTest" name="TemplateManagement4GTest" time="17.949"/>
  <testcase classname="com.ericsson.edos.rulesengine.testcases.TemplateManagementTest" name="Validate4GTemplateManagementTest" time="4.28"/>
  <testcase classname="com.ericsson.edos.rulesengine.testcases.TemplateManagementTest" name="TemplateManagement_AppCoverageTest" time="17.666"/>
  <testcase classname="com.ericsson.edos.rulesengine.testcases.TemplateManagementTest" name="ValidateAppTemplateManagementTest" time="4.269"/>
  <testcase classname="com.ericsson.edos.rulesengine.testcases.TemplateManagementTest" name="MoveToNextPage" time="0.236"/>
</testsuite> <!-- TemplateManagementTest -->
