<?xml version="1.0" encoding="UTF-8"?>
<!-- Generated by org.testng.reporters.JUnitXMLReporter -->
<testsuite hostname="IN-00212952" ignored="0" name=" TestOvenStory" tests="3" failures="0" timestamp="29 Sep 2019 15:52:48 GMT" time="120.075" errors="0">
  <testcase name="VerifyAddProducttoCart" time="60.738" classname="com.ericsson.NDOrnd.dopuatautomation.testcases.OvenStoryMainPageTest"/>
  <testcase name="VerifySideMenuLinks" time="24.84" classname="com.ericsson.NDOrnd.dopuatautomation.testcases.OvenStoryMainPageTest"/>
  <testcase name="VerifyChangeLocation" time="34.422" classname="com.ericsson.NDOrnd.dopuatautomation.testcases.OvenStoryMainPageTest"/>
</testsuite> <!--  TestOvenStory -->
