<?xml version="1.0" encoding="UTF-8"?>
<!-- Generated by org.testng.reporters.JUnitXMLReporter -->
<testsuite hostname="5CG4503MCF" ignored="3" name="TivTest" tests="3" failures="2" timestamp="21 May 2019 07:55:49 GMT" time="959.382" errors="0">
  <testcase name="VerifyTIVErrorNotificationAlertPopUp" time="0.085" classname="com.ericsson.edos.dopuatautomation.testcases.EdosTraceInputValidationTest"/>
  <testcase name="VerifyChartValuesWithDateSelected" time="671.998" classname="com.ericsson.edos.dopuatautomation.testcases.EdosTraceInputValidationTest">
    <failure type="org.openqa.selenium.WebDriverException" message="unknown error: Element &amp;lt;div class=&amp;quot;Select-control&amp;quot; style=&amp;quot;border-radius: 0px;&amp;quot;&amp;gt;...&amp;lt;/div&amp;gt; is not clickable at point (111, 295). Other element would receive the click: &amp;lt;div class=&amp;quot;react-datepicker__day-names&amp;quot;&amp;gt;...&amp;lt;/div&amp;gt;
  (Session info: chrome=74.0.3729.157)
  (Driver info: chromedriver=2.35.528161 (5b82f2d2aae0ca24b877009200ced9065a772e73),platform=Windows NT 6.1.7601 SP1 x86_64) (WARNING: The server did not provide any stacktrace information)
Command duration or timeout: 0 milliseconds
Build info: version: &amp;apos;3.5.3&amp;apos;, revision: &amp;apos;a88d25fe6b&amp;apos;, time: &amp;apos;2017-08-29T12:42:44.417Z&amp;apos;
System info: host: &amp;apos;5CG4503MCF&amp;apos;, ip: &amp;apos;192.168.56.1&amp;apos;, os.name: &amp;apos;Windows 7&amp;apos;, os.arch: &amp;apos;amd64&amp;apos;, os.version: &amp;apos;6.1&amp;apos;, java.version: &amp;apos;1.8.0_161&amp;apos;
Driver info: org.openqa.selenium.chrome.ChromeDriver
Capabilities [{mobileEmulationEnabled=false, hasTouchScreen=false, platform=XP, acceptSslCerts=false, acceptInsecureCerts=false, webStorageEnabled=true, browserName=chrome, takesScreenshot=true, javascriptEnabled=true, platformName=XP, setWindowRect=true, unexpectedAlertBehaviour=, applicationCacheEnabled=false, rotatable=false, networkConnectionEnabled=false, chrome={chromedriverVersion=2.35.528161 (5b82f2d2aae0ca24b877009200ced9065a772e73), userDataDir=C:\Users\esrrajo\AppData\Local\Temp\scoped_dir9704_2878}, takesHeapSnapshot=true, pageLoadStrategy=normal, unhandledPromptBehavior=, databaseEnabled=false, handlesAlerts=true, version=74.0.3729.157, browserConnectionEnabled=false, nativeEvents=true, locationContextEnabled=true, cssSelectorsEnabled=true}]
Session ID: 90e58abaf4c39cd54ab6c77c288d766b">
      <![CDATA[org.openqa.selenium.WebDriverException: unknown error: Element <div class="Select-control" style="border-radius: 0px;">...</div> is not clickable at point (111, 295). Other element would receive the click: <div class="react-datepicker__day-names">...</div>
  (Session info: chrome=74.0.3729.157)
  (Driver info: chromedriver=2.35.528161 (5b82f2d2aae0ca24b877009200ced9065a772e73),platform=Windows NT 6.1.7601 SP1 x86_64) (WARNING: The server did not provide any stacktrace information)
Command duration or timeout: 0 milliseconds
Build info: version: '3.5.3', revision: 'a88d25fe6b', time: '2017-08-29T12:42:44.417Z'
System info: host: '5CG4503MCF', ip: '192.168.56.1', os.name: 'Windows 7', os.arch: 'amd64', os.version: '6.1', java.version: '1.8.0_161'
Driver info: org.openqa.selenium.chrome.ChromeDriver
Capabilities [{mobileEmulationEnabled=false, hasTouchScreen=false, platform=XP, acceptSslCerts=false, acceptInsecureCerts=false, webStorageEnabled=true, browserName=chrome, takesScreenshot=true, javascriptEnabled=true, platformName=XP, setWindowRect=true, unexpectedAlertBehaviour=, applicationCacheEnabled=false, rotatable=false, networkConnectionEnabled=false, chrome={chromedriverVersion=2.35.528161 (5b82f2d2aae0ca24b877009200ced9065a772e73), userDataDir=C:\Users\esrrajo\AppData\Local\Temp\scoped_dir9704_2878}, takesHeapSnapshot=true, pageLoadStrategy=normal, unhandledPromptBehavior=, databaseEnabled=false, handlesAlerts=true, version=74.0.3729.157, browserConnectionEnabled=false, nativeEvents=true, locationContextEnabled=true, cssSelectorsEnabled=true}]
Session ID: 90e58abaf4c39cd54ab6c77c288d766b
	at org.openqa.selenium.remote.ErrorHandler.createThrowable(ErrorHandler.java:215)
	at org.openqa.selenium.remote.ErrorHandler.throwIfResponseFailed(ErrorHandler.java:167)
	at org.openqa.selenium.remote.http.JsonHttpResponseCodec.reconstructValue(JsonHttpResponseCodec.java:40)
	at org.openqa.selenium.remote.http.AbstractHttpResponseCodec.decode(AbstractHttpResponseCodec.java:82)
	at org.openqa.selenium.remote.http.AbstractHttpResponseCodec.decode(AbstractHttpResponseCodec.java:45)
	at org.openqa.selenium.remote.HttpCommandExecutor.execute(HttpCommandExecutor.java:164)
	at org.openqa.selenium.remote.service.DriverCommandExecutor.execute(DriverCommandExecutor.java:82)
	at org.openqa.selenium.remote.RemoteWebDriver.execute(RemoteWebDriver.java:646)
	at org.openqa.selenium.remote.RemoteWebElement.execute(RemoteWebElement.java:275)
	at org.openqa.selenium.remote.RemoteWebElement.click(RemoteWebElement.java:82)
	at org.openqa.selenium.support.pagefactory.internal.LocatingElementHandler.invoke(LocatingElementHandler.java:51)
	at com.sun.proxy.$Proxy10.click(Unknown Source)
	at com.ericsson.edos.dopuatautomation.pages.EdosTraceInputValidationPage.GetRop(EdosTraceInputValidationPage.java:629)
	at com.ericsson.edos.dopuatautomation.pages.EdosTraceInputValidationPage.ROPLevelValidation(EdosTraceInputValidationPage.java:707)
	at com.ericsson.edos.dopuatautomation.testcases.EdosTraceInputValidationTest.VerifyChartValuesWithDateSelected(EdosTraceInputValidationTest.java:72)
... Removed 33 stack frames]]>
    </failure>
  </testcase> <!-- VerifyChartValuesWithDateSelected -->
  <testcase name="VerifyTableWithCellFiltering" time="286.297" classname="com.ericsson.edos.dopuatautomation.testcases.EdosTraceInputValidationTest">
    <failure type="org.openqa.selenium.WebDriverException" message="unknown error: Element &amp;lt;div class=&amp;quot;Select-control&amp;quot; style=&amp;quot;border-radius: 0px;&amp;quot;&amp;gt;...&amp;lt;/div&amp;gt; is not clickable at point (111, 295). Other element would receive the click: &amp;lt;div class=&amp;quot;react-datepicker__day-names&amp;quot;&amp;gt;...&amp;lt;/div&amp;gt;
  (Session info: chrome=74.0.3729.157)
  (Driver info: chromedriver=2.35.528161 (5b82f2d2aae0ca24b877009200ced9065a772e73),platform=Windows NT 6.1.7601 SP1 x86_64) (WARNING: The server did not provide any stacktrace information)
Command duration or timeout: 0 milliseconds
Build info: version: &amp;apos;3.5.3&amp;apos;, revision: &amp;apos;a88d25fe6b&amp;apos;, time: &amp;apos;2017-08-29T12:42:44.417Z&amp;apos;
System info: host: &amp;apos;5CG4503MCF&amp;apos;, ip: &amp;apos;192.168.56.1&amp;apos;, os.name: &amp;apos;Windows 7&amp;apos;, os.arch: &amp;apos;amd64&amp;apos;, os.version: &amp;apos;6.1&amp;apos;, java.version: &amp;apos;1.8.0_161&amp;apos;
Driver info: org.openqa.selenium.chrome.ChromeDriver
Capabilities [{mobileEmulationEnabled=false, hasTouchScreen=false, platform=XP, acceptSslCerts=false, acceptInsecureCerts=false, webStorageEnabled=true, browserName=chrome, takesScreenshot=true, javascriptEnabled=true, platformName=XP, setWindowRect=true, unexpectedAlertBehaviour=, applicationCacheEnabled=false, rotatable=false, networkConnectionEnabled=false, chrome={chromedriverVersion=2.35.528161 (5b82f2d2aae0ca24b877009200ced9065a772e73), userDataDir=C:\Users\esrrajo\AppData\Local\Temp\scoped_dir9704_2878}, takesHeapSnapshot=true, pageLoadStrategy=normal, unhandledPromptBehavior=, databaseEnabled=false, handlesAlerts=true, version=74.0.3729.157, browserConnectionEnabled=false, nativeEvents=true, locationContextEnabled=true, cssSelectorsEnabled=true}]
Session ID: 90e58abaf4c39cd54ab6c77c288d766b">
      <![CDATA[org.openqa.selenium.WebDriverException: unknown error: Element <div class="Select-control" style="border-radius: 0px;">...</div> is not clickable at point (111, 295). Other element would receive the click: <div class="react-datepicker__day-names">...</div>
  (Session info: chrome=74.0.3729.157)
  (Driver info: chromedriver=2.35.528161 (5b82f2d2aae0ca24b877009200ced9065a772e73),platform=Windows NT 6.1.7601 SP1 x86_64) (WARNING: The server did not provide any stacktrace information)
Command duration or timeout: 0 milliseconds
Build info: version: '3.5.3', revision: 'a88d25fe6b', time: '2017-08-29T12:42:44.417Z'
System info: host: '5CG4503MCF', ip: '192.168.56.1', os.name: 'Windows 7', os.arch: 'amd64', os.version: '6.1', java.version: '1.8.0_161'
Driver info: org.openqa.selenium.chrome.ChromeDriver
Capabilities [{mobileEmulationEnabled=false, hasTouchScreen=false, platform=XP, acceptSslCerts=false, acceptInsecureCerts=false, webStorageEnabled=true, browserName=chrome, takesScreenshot=true, javascriptEnabled=true, platformName=XP, setWindowRect=true, unexpectedAlertBehaviour=, applicationCacheEnabled=false, rotatable=false, networkConnectionEnabled=false, chrome={chromedriverVersion=2.35.528161 (5b82f2d2aae0ca24b877009200ced9065a772e73), userDataDir=C:\Users\esrrajo\AppData\Local\Temp\scoped_dir9704_2878}, takesHeapSnapshot=true, pageLoadStrategy=normal, unhandledPromptBehavior=, databaseEnabled=false, handlesAlerts=true, version=74.0.3729.157, browserConnectionEnabled=false, nativeEvents=true, locationContextEnabled=true, cssSelectorsEnabled=true}]
Session ID: 90e58abaf4c39cd54ab6c77c288d766b
	at org.openqa.selenium.remote.ErrorHandler.createThrowable(ErrorHandler.java:215)
	at org.openqa.selenium.remote.ErrorHandler.throwIfResponseFailed(ErrorHandler.java:167)
	at org.openqa.selenium.remote.http.JsonHttpResponseCodec.reconstructValue(JsonHttpResponseCodec.java:40)
	at org.openqa.selenium.remote.http.AbstractHttpResponseCodec.decode(AbstractHttpResponseCodec.java:82)
	at org.openqa.selenium.remote.http.AbstractHttpResponseCodec.decode(AbstractHttpResponseCodec.java:45)
	at org.openqa.selenium.remote.HttpCommandExecutor.execute(HttpCommandExecutor.java:164)
	at org.openqa.selenium.remote.service.DriverCommandExecutor.execute(DriverCommandExecutor.java:82)
	at org.openqa.selenium.remote.RemoteWebDriver.execute(RemoteWebDriver.java:646)
	at org.openqa.selenium.remote.RemoteWebElement.execute(RemoteWebElement.java:275)
	at org.openqa.selenium.remote.RemoteWebElement.click(RemoteWebElement.java:82)
	at org.openqa.selenium.support.pagefactory.internal.LocatingElementHandler.invoke(LocatingElementHandler.java:51)
	at com.sun.proxy.$Proxy10.click(Unknown Source)
	at com.ericsson.edos.dopuatautomation.pages.EdosTraceInputValidationPage.GetSelctedGranularity(EdosTraceInputValidationPage.java:225)
	at com.ericsson.edos.dopuatautomation.pages.EdosTraceInputValidationPage.VerifyTableWithCellFilter(EdosTraceInputValidationPage.java:1122)
	at com.ericsson.edos.dopuatautomation.testcases.EdosTraceInputValidationTest.VerifyTableWithCellFiltering(EdosTraceInputValidationTest.java:118)
... Removed 32 stack frames]]>
    </failure>
  </testcase> <!-- VerifyTableWithCellFiltering -->
  <testcase name="VerifyTIVHeaderText" time="0.0" classname="com.ericsson.edos.dopuatautomation.testcases.EdosTraceInputValidationTest">
    <ignored/>
  </testcase> <!-- VerifyTIVHeaderText -->
  <testcase name="VerifyExportFunctionalityTC4" time="0.0" classname="com.ericsson.edos.dopuatautomation.testcases.EdosTraceInputValidationTest">
    <ignored/>
  </testcase> <!-- VerifyExportFunctionalityTC4 -->
  <testcase name="VerifyTablePagination" time="0.0" classname="com.ericsson.edos.dopuatautomation.testcases.EdosTraceInputValidationTest">
    <ignored/>
  </testcase> <!-- VerifyTablePagination -->
</testsuite> <!-- TivTest -->
