<?xml version="1.0" encoding="UTF-8"?>
<!-- Generated by org.testng.reporters.JUnitXMLReporter -->
<testsuite hostname="5CG4503MCF" ignored="4" name="TivTest" tests="3" failures="1" timestamp="18 Sep 2019 08:14:35 GMT" time="1842.222" errors="0">
  <testcase name="VerifyTIVErrorNotificationAlertPopUp" time="0.079" classname="com.ericsson.NDOrnd.dopuatautomation.testcases.VDT_TraceInputValidationTest"/>
  <testcase name="VerifyChartValuesWithDateSelected" time="1045.741" classname="com.ericsson.NDOrnd.dopuatautomation.testcases.VDT_TraceInputValidationTest"/>
  <testcase name="VerifyTableWithCellFiltering" time="795.689" classname="com.ericsson.NDOrnd.dopuatautomation.testcases.VDT_TraceInputValidationTest">
    <failure type="java.lang.StringIndexOutOfBoundsException" message="String index out of range: 5">
      <![CDATA[java.lang.StringIndexOutOfBoundsException: String index out of range: 5
	at java.lang.String.substring(Unknown Source)
	at com.ericsson.NDOrnd.dopuatautomation.pages.VDT_TraceInputValidationPage.VerifyTableWithCellFilterRopLevel(VDT_TraceInputValidationPage.java:1374)
	at com.ericsson.NDOrnd.dopuatautomation.testcases.VDT_TraceInputValidationTest.VerifyTableWithCellFiltering(VDT_TraceInputValidationTest.java:184)
... Removed 25 stack frames]]>
    </failure>
  </testcase> <!-- VerifyTableWithCellFiltering -->
  <testcase name="VerifyExportFunctionalityTC4" time="0.0" classname="com.ericsson.NDOrnd.dopuatautomation.testcases.VDT_TraceInputValidationTest">
    <ignored/>
  </testcase> <!-- VerifyExportFunctionalityTC4 -->
  <testcase name="VerifyTablePagination" time="0.0" classname="com.ericsson.NDOrnd.dopuatautomation.testcases.VDT_TraceInputValidationTest">
    <ignored/>
  </testcase> <!-- VerifyTablePagination -->
  <testcase name="VerifyTIVHeaderText" time="0.0" classname="com.ericsson.NDOrnd.dopuatautomation.testcases.VDT_TraceInputValidationTest">
    <ignored/>
  </testcase> <!-- VerifyTIVHeaderText -->
  <testcase name="VerifyTIVMultiTenancy" time="0.0" classname="com.ericsson.NDOrnd.dopuatautomation.testcases.VDT_TraceInputValidationTest">
    <ignored/>
  </testcase> <!-- VerifyTIVMultiTenancy -->
</testsuite> <!-- TivTest -->
