<?xml version="1.0" encoding="UTF-8"?>
<!-- Generated by org.testng.reporters.JUnitXMLReporter -->
<testsuite hostname="5CG4503MCF" ignored="0" name="TraceInputValidatioTest" tests="2" failures="0" timestamp="14 Jan 2019 10:13:45 GMT" time="11.43" errors="0">
  <testcase name="VerifyTIVHeaderText" time="4.045" classname="com.ericsson.edos.dopuatautomation.testcases.EdosTraceInputValidationTest"/>
  <testcase name="VerifyTIVStartTimeText" time="7.377" classname="com.ericsson.edos.dopuatautomation.testcases.EdosTraceInputValidationTest"/>
</testsuite> <!-- TraceInputValidatioTest -->
