<?xml version="1.0" encoding="UTF-8"?>
<!-- Generated by org.testng.reporters.JUnitXMLReporter -->
<testsuite hostname="5CD7432DCS" ignored="3" name="ApplicationPageTest" tests="3" failures="0" timestamp="02 May 2019 11:15:59 GMT" time="44.188" errors="0">
  <testcase name="VerifyApplicationPage" time="25.175" classname="com.ericsson.edos.dopuatautomation.testcases.applicationTest"/>
  <testcase name="VerifyEdosDpLogo" time="2.049" classname="com.ericsson.edos.dopuatautomation.testcases.applicationTest"/>
  <testcase name="RasterClick" time="16.958" classname="com.ericsson.edos.dopuatautomation.testcases.applicationTest"/>
  <testcase name="VerifyTIVLink" time="0.0" classname="com.ericsson.edos.dopuatautomation.testcases.applicationTest">
    <ignored/>
  </testcase> <!-- VerifyTIVLink -->
  <testcase name="VerifyCTALink" time="0.0" classname="com.ericsson.edos.dopuatautomation.testcases.applicationTest">
    <ignored/>
  </testcase> <!-- VerifyCTALink -->
  <testcase name="VerifyCMPMDashboard" time="0.0" classname="com.ericsson.edos.dopuatautomation.testcases.applicationTest">
    <ignored/>
  </testcase> <!-- VerifyCMPMDashboard -->
</testsuite> <!-- ApplicationPageTest -->
