<?xml version="1.0" encoding="UTF-8"?>
<!-- Generated by org.testng.reporters.JUnitXMLReporter -->
<testsuite hostname="5CG4503MCF" ignored="0" name="Default test" tests="6" failures="0" timestamp="10 Jan 2019 10:25:21 GMT" time="15.586" errors="0">
  <testcase name="LandingPageTitleTest" time="2.06" classname="com.ericsson.edos.rulesengine.testcases.LandingpageTest"/>
  <testcase name="LegalNoticeLogoTest" time="2.095" classname="com.ericsson.edos.rulesengine.testcases.LandingpageTest"/>
  <testcase name="LicenseContentLogoTest" time="2.086" classname="com.ericsson.edos.rulesengine.testcases.LandingpageTest"/>
  <testcase name="LegalNoticeLogoTextTest" time="2.065" classname="com.ericsson.edos.rulesengine.testcases.LandingpageTest"/>
  <testcase name="LicenseContentLogoTextTest" time="2.064" classname="com.ericsson.edos.rulesengine.testcases.LandingpageTest"/>
  <testcase name="ProceedButtonTest" time="5.129" classname="com.ericsson.edos.rulesengine.testcases.LandingpageTest"/>
</testsuite> <!-- Default test -->
