<?xml version="1.0" encoding="UTF-8"?>
<!-- Generated by org.testng.reporters.JUnitXMLReporter -->
<testsuite hostname="IN-00212952" ignored="0" name=" TestOvenStory" tests="3" failures="1" timestamp="29 Sep 2019 17:34:11 GMT" time="131.753" errors="0">
  <testcase name="VerifyAddProducttoCart" time="59.496" classname="com.OvenStory.Assignment.testcases.OvenStoryMainPageTest"/>
  <testcase name="VerifySideMenuLinks" time="24.462" classname="com.OvenStory.Assignment.testcases.OvenStoryMainPageTest"/>
  <testcase name="VerifyChangeLocation" time="47.06" classname="com.OvenStory.Assignment.testcases.OvenStoryMainPageTest">
    <failure type="java.lang.AssertionError" message="Location Text are not Different expected [true] but found [false]">
      <![CDATA[java.lang.AssertionError: Location Text are not Different expected [true] but found [false]
	at com.OvenStory.Assignment.testcases.OvenStoryMainPageTest.VerifyChangeLocation(OvenStoryMainPageTest.java:96)
... Removed 28 stack frames]]>
    </failure>
  </testcase> <!-- VerifyChangeLocation -->
</testsuite> <!--  TestOvenStory -->
