<?xml version="1.0" encoding="UTF-8"?>
<!-- Generated by org.testng.reporters.JUnitXMLReporter -->
<testsuite ignored="0" hostname="R90FDWLP" failures="0" tests="3" name="ApplicationPageTest" time="23.82" errors="0" timestamp="04 Oct 2018 08:09:53 GMT">
  <testcase classname="com.ericsson.edos.rulesengine.testcases.applicationTest" name="VerifyApplicationPage" time="12.98"/>
  <testcase classname="com.ericsson.edos.rulesengine.testcases.applicationTest" name="VerifyEdosDpLogo" time="2.04"/>
  <testcase classname="com.ericsson.edos.rulesengine.testcases.applicationTest" name="ClickRulesEngineTest" time="8.797"/>
</testsuite> <!-- ApplicationPageTest -->
