<?xml version="1.0" encoding="UTF-8"?>
<!-- Generated by org.testng.reporters.JUnitXMLReporter -->
<testsuite ignored="0" hostname="R90FDWLP" failures="1" tests="11" name=" DeleteTest" time="533.987" errors="0" timestamp="04 Oct 2018 10:47:50 GMT">
  <testcase classname="com.ericsson.edos.rulesengine.testcases.DeleteTest" name="DeleteRuleTest" time="4.907"/>
  <testcase classname="com.ericsson.edos.rulesengine.testcases.DeleteTest" name="VerifyRuleManageDoesnotExistAfterDeletionTest" time="0.054">
    <failure type="java.lang.AssertionError" message="Rule is still Present in Rule Management Tab expected [2] but found [0]">
      <![CDATA[java.lang.AssertionError: Rule is still Present in Rule Management Tab expected [2] but found [0]
	at com.ericsson.edos.rulesengine.testcases.DeleteTest.VerifyRuleManageDoesnotExistAfterDeletionTest(DeleteTest.java:57)
... Removed 30 stack frames]]>
    </failure>
  </testcase> <!-- VerifyRuleManageDoesnotExistAfterDeletionTest -->
  <testcase classname="com.ericsson.edos.rulesengine.testcases.DeleteTest" name="DeleteTemplateTest" time="23.101"/>
  <testcase classname="com.ericsson.edos.rulesengine.testcases.DeleteTest" name="VerifyTemplateDoesnotExistAfterDeletionTest" time="123.333"/>
  <testcase classname="com.ericsson.edos.rulesengine.testcases.DeleteTest" name="DeleteTableListUsers" time="57.886"/>
  <testcase classname="com.ericsson.edos.rulesengine.testcases.DeleteTest" name="DeleteUser" time="26.585"/>
  <testcase classname="com.ericsson.edos.rulesengine.testcases.DeleteTest" name="ValidateDeleatedTableTest" time="17.051"/>
  <testcase classname="com.ericsson.edos.rulesengine.testcases.DeleteTest" name="VerifyRuleNameDoesnotExistAfterDeletionTest" time="134.391"/>
  <testcase classname="com.ericsson.edos.rulesengine.testcases.DeleteTest" name="DeleteRuleNametextTest" time="23.6"/>
  <testcase classname="com.ericsson.edos.rulesengine.testcases.DeleteTest" name="VerifyRuleDoesnotExistAfterDeletionTest" time="120.068"/>
  <testcase classname="com.ericsson.edos.rulesengine.testcases.DeleteTest" name="ValidateSuccessfulLogout" time="2.774"/>
</testsuite> <!--  DeleteTest -->
