<?xml version="1.0" encoding="UTF-8"?>
<!-- Generated by org.testng.reporters.JUnitXMLReporter -->
<testsuite ignored="0" hostname="R90FDWLP" failures="0" tests="7" name="LoginPageTest" time="10.543" errors="0" timestamp="04 Oct 2018 08:09:29 GMT">
  <testcase classname="com.ericsson.edos.rulesengine.testcases.LoginPageTest" name="EdosLogo1Test" time="0.078"/>
  <testcase classname="com.ericsson.edos.rulesengine.testcases.LoginPageTest" name="EdosLogo2Test" time="2.07"/>
  <testcase classname="com.ericsson.edos.rulesengine.testcases.LoginPageTest" name="EdosLogoText1Test" time="2.067"/>
  <testcase classname="com.ericsson.edos.rulesengine.testcases.LoginPageTest" name="EdosLogoText2Test" time="2.067"/>
  <testcase classname="com.ericsson.edos.rulesengine.testcases.LoginPageTest" name="SetusernameTest" time="0.91"/>
  <testcase classname="com.ericsson.edos.rulesengine.testcases.LoginPageTest" name="SetUserPasswordTest" time="0.246"/>
  <testcase classname="com.ericsson.edos.rulesengine.testcases.LoginPageTest" name="ClickEnterButtonTest" time="0.1"/>
</testsuite> <!-- LoginPageTest -->
