<?xml version="1.0" encoding="UTF-8"?>
<!-- Generated by org.testng.reporters.JUnitXMLReporter -->
<testsuite ignored="0" hostname="R90FDWLP" failures="0" tests="9" name="MailManagementTest" time="117.498" errors="0" timestamp="04 Oct 2018 08:13:16 GMT">
  <testcase classname="com.ericsson.edos.rulesengine.testcases.MailManagementTest" name="RulesManagementLogoDisplayTest" time="3.088"/>
  <testcase classname="com.ericsson.edos.rulesengine.testcases.MailManagementTest" name="RulesManagementTextDisplayTest" time="3.093"/>
  <testcase classname="com.ericsson.edos.rulesengine.testcases.MailManagementTest" name="MailManagementUserTabTextTest" time="3.407"/>
  <testcase classname="com.ericsson.edos.rulesengine.testcases.MailManagementTest" name="MailManagementUserTabButtonClick" time="7.025"/>
  <testcase classname="com.ericsson.edos.rulesengine.testcases.MailManagementTest" name="MailManagementUserTabCancelButtonClick" time="9.457"/>
  <testcase classname="com.ericsson.edos.rulesengine.testcases.MailManagementTest" name="MailManagementUserInTableList1" time="17.916"/>
  <testcase classname="com.ericsson.edos.rulesengine.testcases.MailManagementTest" name="MailManagementUserInTableList" time="16.473"/>
  <testcase classname="com.ericsson.edos.rulesengine.testcases.MailManagementTest" name="GroupingUserCancelButton" time="9.409"/>
  <testcase classname="com.ericsson.edos.rulesengine.testcases.MailManagementTest" name="MailManagementListedGroupInTableList" time="47.627"/>
</testsuite> <!-- MailManagementTest -->
