<?xml version="1.0" encoding="UTF-8"?>
<!-- Generated by org.testng.reporters.JUnitXMLReporter -->
<testsuite ignored="0" hostname="R90FDWLP" failures="0" tests="12" name="RulesManagementTest" time="40.406" errors="0" timestamp="04 Oct 2018 08:10:45 GMT">
  <testcase classname="com.ericsson.edos.rulesengine.testcases.RulesManagementTest" name="RulesManagementLogoDisplayTest" time="2.071"/>
  <testcase classname="com.ericsson.edos.rulesengine.testcases.RulesManagementTest" name="RulesManagementTextDisplayTest" time="2.075"/>
  <testcase classname="com.ericsson.edos.rulesengine.testcases.RulesManagementTest" name="ClickImportRuleTest" time="2.224"/>
  <testcase classname="com.ericsson.edos.rulesengine.testcases.RulesManagementTest" name="EnterRulenameTest" time="2.29"/>
  <testcase classname="com.ericsson.edos.rulesengine.testcases.RulesManagementTest" name="ChooseFileTest" time="2.14"/>
  <testcase classname="com.ericsson.edos.rulesengine.testcases.RulesManagementTest" name="ChooseTechnologyTest" time="2.199"/>
  <testcase classname="com.ericsson.edos.rulesengine.testcases.RulesManagementTest" name="ChooseVendorTest" time="2.187"/>
  <testcase classname="com.ericsson.edos.rulesengine.testcases.RulesManagementTest" name="WriteRuleDescriptionTest" time="2.323"/>
  <testcase classname="com.ericsson.edos.rulesengine.testcases.RulesManagementTest" name="SaveButtonTest" time="2.125"/>
  <testcase classname="com.ericsson.edos.rulesengine.testcases.RulesManagementTest" name="VerifyFileUploadTest" time="11.163"/>
  <testcase classname="com.ericsson.edos.rulesengine.testcases.RulesManagementTest" name="VerifyFileploadOKButtonTest" time="2.139"/>
  <testcase classname="com.ericsson.edos.rulesengine.testcases.RulesManagementTest" name="VerifyRuleNameExistTest" time="7.447"/>
</testsuite> <!-- RulesManagementTest -->
