<?xml version="1.0" encoding="UTF-8"?>
<testng-results skipped="0" failed="1" ignored="0" total="15" passed="14">
  <reporter-output>
    <line>
      <![CDATA[The application is proceeded to the Login Page]]>
    </line>
    <line>
      <![CDATA[The username and password is entered successfully and proceeded to the application page]]>
    </line>
  </reporter-output>
  <suite name="Regression Testing Suite" duration-ms="54270" started-at="2019-01-10T12:09:48Z" finished-at="2019-01-10T12:10:43Z">
    <groups>
    </groups>
    <test name=" LandingPageTest" duration-ms="15358" started-at="2019-01-10T12:09:48Z" finished-at="2019-01-10T12:10:04Z">
      <class name="com.ericsson.edos.dopuatautomation.testcases.LandingpageTest">
        <test-method status="PASS" signature="setUp()[pri:0, instance:com.ericsson.edos.dopuatautomation.testcases.LandingpageTest@59ec2012]" name="setUp" is-config="true" duration-ms="26" started-at="2019-01-10T17:39:48Z" finished-at="2019-01-10T17:39:48Z">
          <reporter-output>
          </reporter-output>
        </test-method> <!-- setUp -->
        <test-method status="PASS" signature="LandingPageTitleTest()[pri:1, instance:com.ericsson.edos.dopuatautomation.testcases.LandingpageTest@59ec2012]" name="LandingPageTitleTest" duration-ms="2021" started-at="2019-01-10T17:39:48Z" finished-at="2019-01-10T17:39:50Z">
          <reporter-output>
          </reporter-output>
        </test-method> <!-- LandingPageTitleTest -->
        <test-method status="PASS" signature="LegalNoticeLogoTest()[pri:2, instance:com.ericsson.edos.dopuatautomation.testcases.LandingpageTest@59ec2012]" name="LegalNoticeLogoTest" duration-ms="2056" started-at="2019-01-10T17:39:50Z" finished-at="2019-01-10T17:39:53Z">
          <reporter-output>
          </reporter-output>
        </test-method> <!-- LegalNoticeLogoTest -->
        <test-method status="PASS" signature="LicenseContentLogoTest()[pri:3, instance:com.ericsson.edos.dopuatautomation.testcases.LandingpageTest@59ec2012]" name="LicenseContentLogoTest" duration-ms="2047" started-at="2019-01-10T17:39:53Z" finished-at="2019-01-10T17:39:55Z">
          <reporter-output>
          </reporter-output>
        </test-method> <!-- LicenseContentLogoTest -->
        <test-method status="PASS" signature="LegalNoticeLogoTextTest()[pri:4, instance:com.ericsson.edos.dopuatautomation.testcases.LandingpageTest@59ec2012]" name="LegalNoticeLogoTextTest" duration-ms="2037" started-at="2019-01-10T17:39:55Z" finished-at="2019-01-10T17:39:57Z">
          <reporter-output>
          </reporter-output>
        </test-method> <!-- LegalNoticeLogoTextTest -->
        <test-method status="PASS" signature="LicenseContentLogoTextTest()[pri:5, instance:com.ericsson.edos.dopuatautomation.testcases.LandingpageTest@59ec2012]" name="LicenseContentLogoTextTest" duration-ms="2040" started-at="2019-01-10T17:39:57Z" finished-at="2019-01-10T17:39:59Z">
          <reporter-output>
          </reporter-output>
        </test-method> <!-- LicenseContentLogoTextTest -->
        <test-method status="PASS" signature="ProceedButtonTest()[pri:6, instance:com.ericsson.edos.dopuatautomation.testcases.LandingpageTest@59ec2012]" name="ProceedButtonTest" duration-ms="5082" started-at="2019-01-10T17:39:59Z" finished-at="2019-01-10T17:40:04Z">
          <reporter-output>
            <line>
              <![CDATA[The application is proceeded to the Login Page]]>
            </line>
          </reporter-output>
        </test-method> <!-- ProceedButtonTest -->
      </class> <!-- com.ericsson.edos.dopuatautomation.testcases.LandingpageTest -->
    </test> <!--  LandingPageTest -->
    <test name="LoginPageTest" duration-ms="18093" started-at="2019-01-10T12:10:04Z" finished-at="2019-01-10T12:10:22Z">
      <class name="com.ericsson.edos.dopuatautomation.testcases.LoginPageTest">
        <test-method status="PASS" signature="setUp()[pri:0, instance:com.ericsson.edos.dopuatautomation.testcases.LoginPageTest@29ca901e]" name="setUp" is-config="true" duration-ms="3000" started-at="2019-01-10T17:40:04Z" finished-at="2019-01-10T17:40:07Z">
          <reporter-output>
          </reporter-output>
        </test-method> <!-- setUp -->
        <test-method status="PASS" signature="EdosLogo1Test()[pri:1, instance:com.ericsson.edos.dopuatautomation.testcases.LoginPageTest@29ca901e]" name="EdosLogo1Test" duration-ms="2036" started-at="2019-01-10T17:40:07Z" finished-at="2019-01-10T17:40:09Z">
          <reporter-output>
          </reporter-output>
        </test-method> <!-- EdosLogo1Test -->
        <test-method status="PASS" signature="EdosLogo2Test()[pri:2, instance:com.ericsson.edos.dopuatautomation.testcases.LoginPageTest@29ca901e]" name="EdosLogo2Test" duration-ms="2040" started-at="2019-01-10T17:40:09Z" finished-at="2019-01-10T17:40:11Z">
          <reporter-output>
          </reporter-output>
        </test-method> <!-- EdosLogo2Test -->
        <test-method status="PASS" signature="EdosLogoText1Test()[pri:3, instance:com.ericsson.edos.dopuatautomation.testcases.LoginPageTest@29ca901e]" name="EdosLogoText1Test" duration-ms="2042" started-at="2019-01-10T17:40:11Z" finished-at="2019-01-10T17:40:13Z">
          <reporter-output>
          </reporter-output>
        </test-method> <!-- EdosLogoText1Test -->
        <test-method status="PASS" signature="EdosLogoText2Test()[pri:4, instance:com.ericsson.edos.dopuatautomation.testcases.LoginPageTest@29ca901e]" name="EdosLogoText2Test" duration-ms="2044" started-at="2019-01-10T17:40:13Z" finished-at="2019-01-10T17:40:15Z">
          <reporter-output>
          </reporter-output>
        </test-method> <!-- EdosLogoText2Test -->
        <test-method status="PASS" signature="SetusernameTest()[pri:5, instance:com.ericsson.edos.dopuatautomation.testcases.LoginPageTest@29ca901e]" name="SetusernameTest" duration-ms="2742" started-at="2019-01-10T17:40:15Z" finished-at="2019-01-10T17:40:18Z">
          <reporter-output>
          </reporter-output>
        </test-method> <!-- SetusernameTest -->
        <test-method status="PASS" signature="SetUserPasswordTest()[pri:6, instance:com.ericsson.edos.dopuatautomation.testcases.LoginPageTest@29ca901e]" name="SetUserPasswordTest" duration-ms="2091" started-at="2019-01-10T17:40:18Z" finished-at="2019-01-10T17:40:20Z">
          <reporter-output>
          </reporter-output>
        </test-method> <!-- SetUserPasswordTest -->
        <test-method status="PASS" signature="ClickEnterButtonTest()[pri:7, instance:com.ericsson.edos.dopuatautomation.testcases.LoginPageTest@29ca901e]" name="ClickEnterButtonTest" duration-ms="2087" started-at="2019-01-10T17:40:20Z" finished-at="2019-01-10T17:40:22Z">
          <reporter-output>
            <line>
              <![CDATA[The username and password is entered successfully and proceeded to the application page]]>
            </line>
          </reporter-output>
        </test-method> <!-- ClickEnterButtonTest -->
      </class> <!-- com.ericsson.edos.dopuatautomation.testcases.LoginPageTest -->
    </test> <!-- LoginPageTest -->
    <test name="ApplicationPageTest" duration-ms="20737" started-at="2019-01-10T12:10:22Z" finished-at="2019-01-10T12:10:43Z">
      <class name="com.ericsson.edos.dopuatautomation.testcases.applicationTest">
        <test-method status="PASS" signature="initialisation()[pri:0, instance:com.ericsson.edos.dopuatautomation.testcases.applicationTest@64bf3bbf]" name="initialisation" is-config="true" duration-ms="7367" started-at="2019-01-10T17:39:41Z" finished-at="2019-01-10T17:39:48Z">
          <reporter-output>
          </reporter-output>
        </test-method> <!-- initialisation -->
        <test-method status="PASS" signature="setUp()[pri:0, instance:com.ericsson.edos.dopuatautomation.testcases.applicationTest@64bf3bbf]" name="setUp" is-config="true" duration-ms="1" started-at="2019-01-10T17:40:22Z" finished-at="2019-01-10T17:40:22Z">
          <reporter-output>
          </reporter-output>
        </test-method> <!-- setUp -->
        <test-method status="PASS" signature="setUp()[pri:0, instance:com.ericsson.edos.dopuatautomation.testcases.applicationTest@64bf3bbf]" name="setUp" is-config="true" duration-ms="1" started-at="2019-01-10T17:40:22Z" finished-at="2019-01-10T17:40:22Z">
          <reporter-output>
          </reporter-output>
        </test-method> <!-- setUp -->
        <test-method status="FAIL" signature="VerifyApplicationPage()[pri:1, instance:com.ericsson.edos.dopuatautomation.testcases.applicationTest@64bf3bbf]" name="VerifyApplicationPage" duration-ms="15016" started-at="2019-01-10T17:40:22Z" finished-at="2019-01-10T17:40:37Z">
          <exception class="java.lang.AssertionError">
            <message>
              <![CDATA[expected [Home] but found []]]>
            </message>
            <full-stacktrace>
              <![CDATA[java.lang.AssertionError: expected [Home] but found []
	at org.testng.Assert.fail(Assert.java:93)
	at org.testng.Assert.failNotEquals(Assert.java:512)
	at org.testng.Assert.assertEqualsImpl(Assert.java:134)
	at org.testng.Assert.assertEquals(Assert.java:115)
	at org.testng.Assert.assertEquals(Assert.java:189)
	at org.testng.Assert.assertEquals(Assert.java:199)
	at com.ericsson.edos.dopuatautomation.testcases.applicationTest.VerifyApplicationPage(applicationTest.java:53)
	at sun.reflect.NativeMethodAccessorImpl.invoke0(Native Method)
	at sun.reflect.NativeMethodAccessorImpl.invoke(NativeMethodAccessorImpl.java:62)
	at sun.reflect.DelegatingMethodAccessorImpl.invoke(DelegatingMethodAccessorImpl.java:43)
	at java.lang.reflect.Method.invoke(Method.java:498)
	at org.testng.internal.MethodInvocationHelper.invokeMethod(MethodInvocationHelper.java:108)
	at org.testng.internal.Invoker.invokeMethod(Invoker.java:661)
	at org.testng.internal.Invoker.invokeTestMethod(Invoker.java:869)
	at org.testng.internal.Invoker.invokeTestMethods(Invoker.java:1193)
	at org.testng.internal.TestMethodWorker.invokeTestMethods(TestMethodWorker.java:126)
	at org.testng.internal.TestMethodWorker.run(TestMethodWorker.java:109)
	at org.testng.TestRunner.privateRun(TestRunner.java:744)
	at org.testng.TestRunner.run(TestRunner.java:602)
	at org.testng.SuiteRunner.runTest(SuiteRunner.java:380)
	at org.testng.SuiteRunner.runSequentially(SuiteRunner.java:375)
	at org.testng.SuiteRunner.privateRun(SuiteRunner.java:340)
	at org.testng.SuiteRunner.run(SuiteRunner.java:289)
	at org.testng.SuiteRunnerWorker.runSuite(SuiteRunnerWorker.java:52)
	at org.testng.SuiteRunnerWorker.run(SuiteRunnerWorker.java:86)
	at org.testng.TestNG.runSuitesSequentially(TestNG.java:1301)
	at org.testng.TestNG.runSuitesLocally(TestNG.java:1226)
	at org.testng.TestNG.runSuites(TestNG.java:1144)
	at org.testng.TestNG.run(TestNG.java:1115)
	at org.testng.remote.AbstractRemoteTestNG.run(AbstractRemoteTestNG.java:114)
	at org.testng.remote.RemoteTestNG.initAndRun(RemoteTestNG.java:251)
	at org.testng.remote.RemoteTestNG.main(RemoteTestNG.java:77)
]]>
            </full-stacktrace>
          </exception> <!-- java.lang.AssertionError -->
          <reporter-output>
          </reporter-output>
        </test-method> <!-- VerifyApplicationPage -->
        <test-method status="PASS" signature="setUp()[pri:0, instance:com.ericsson.edos.dopuatautomation.testcases.applicationTest@64bf3bbf]" name="setUp" is-config="true" duration-ms="1" started-at="2019-01-10T17:40:37Z" finished-at="2019-01-10T17:40:37Z">
          <reporter-output>
          </reporter-output>
        </test-method> <!-- setUp -->
        <test-method status="PASS" signature="VerifyEdosDpLogo()[pri:2, instance:com.ericsson.edos.dopuatautomation.testcases.applicationTest@64bf3bbf]" name="VerifyEdosDpLogo" duration-ms="5405" started-at="2019-01-10T17:40:37Z" finished-at="2019-01-10T17:40:43Z">
          <reporter-output>
          </reporter-output>
        </test-method> <!-- VerifyEdosDpLogo -->
        <test-method status="PASS" signature="tearDown()[pri:0, instance:com.ericsson.edos.dopuatautomation.testcases.applicationTest@64bf3bbf]" name="tearDown" is-config="true" duration-ms="697" started-at="2019-01-10T17:40:43Z" finished-at="2019-01-10T17:40:43Z">
          <reporter-output>
          </reporter-output>
        </test-method> <!-- tearDown -->
      </class> <!-- com.ericsson.edos.dopuatautomation.testcases.applicationTest -->
    </test> <!-- ApplicationPageTest -->
  </suite> <!-- Regression Testing Suite -->
</testng-results>
