<?xml version="1.0" encoding="UTF-8"?>
<!-- Generated by org.testng.reporters.JUnitXMLReporter -->
<testsuite hostname="5CD7432DCS" ignored="3" name="ApplicationPageTest" tests="3" failures="0" timestamp="02 May 2019 11:29:38 GMT" time="53.961" errors="0">
  <testcase name="VerifyApplicationPage" time="25.172" classname="com.ericsson.edos.dopuatautomation.testcases.applicationTest"/>
  <testcase name="VerifyEdosDpLogo" time="2.05" classname="com.ericsson.edos.dopuatautomation.testcases.applicationTest"/>
  <testcase name="VerifyCMPMDashboard" time="26.734" classname="com.ericsson.edos.dopuatautomation.testcases.applicationTest"/>
  <testcase name="VerifyTIVLink" time="0.0" classname="com.ericsson.edos.dopuatautomation.testcases.applicationTest">
    <ignored/>
  </testcase> <!-- VerifyTIVLink -->
  <testcase name="VerifyCTALink" time="0.0" classname="com.ericsson.edos.dopuatautomation.testcases.applicationTest">
    <ignored/>
  </testcase> <!-- VerifyCTALink -->
  <testcase name="RasterClick" time="0.0" classname="com.ericsson.edos.dopuatautomation.testcases.applicationTest">
    <ignored/>
  </testcase> <!-- RasterClick -->
</testsuite> <!-- ApplicationPageTest -->
